08-02 12:55:49: Training starting...
08-02 12:55:50: New best reward -1011.1 (-100.0%) at episode 0, saving model...
08-02 12:55:50: New worst reward -1011.1 (-100.0%) at episode 0
08-02 12:55:50: New best reward -984.1 (-2.7%) at episode 1, saving model...
08-02 12:55:51: New worst reward -1038.2 (+2.7%) at episode 2
08-02 12:55:51: New best reward -829.4 (-15.7%) at episode 5, saving model...
08-02 12:55:51: New worst reward -1054.3 (+1.6%) at episode 12
08-02 12:55:51: New best reward -787.0 (-5.1%) at episode 18, saving model...
08-02 12:55:51: New best reward -743.5 (-5.5%) at episode 24, saving model...
08-02 12:55:51: New worst reward -1072.3 (+1.7%) at episode 46
08-02 12:55:51: New best reward -247.3 (-66.7%) at episode 63, saving model...
08-02 12:55:52: New best reward -244.7 (-1.1%) at episode 90, saving model...
08-02 12:55:52: New best reward -11.0 (-95.5%) at episode 99, saving model...
08-02 12:55:57: New worst reward -1078.4 (+0.6%) at episode 428
08-02 12:55:59: New best reward -10.7 (-2.7%) at episode 557, saving model...
08-02 12:56:04: New best reward 113.4 (-1165.2%) at episode 892, saving model...
08-02 12:56:09: New best reward 240.3 (+111.8%) at episode 1155, saving model...
08-02 12:56:48: New worst reward -1078.6 (+0.0%) at episode 3098
08-02 12:56:51: New worst reward -1078.9 (+0.0%) at episode 3245
08-02 12:56:53: New worst reward -1080.1 (+0.1%) at episode 3372
08-02 12:56:57: New best reward 296.7 (+23.5%) at episode 3542, saving model...
08-02 12:56:57: New best reward 396.6 (+33.7%) at episode 3545, saving model...
08-02 12:57:00: New best reward 729.7 (+84.0%) at episode 3716, saving model...
08-02 12:57:03: New best reward 778.7 (+6.7%) at episode 3877, saving model...
08-02 12:57:15: New worst reward -1080.3 (+0.0%) at episode 4456
08-02 12:57:21: New worst reward -1080.4 (+0.0%) at episode 4771
08-02 12:57:22: New worst reward -1080.6 (+0.0%) at episode 4801
08-02 12:57:26: New best reward 862.3 (+10.7%) at episode 5009, saving model...
08-02 12:57:41: New worst reward -1081.0 (+0.0%) at episode 5679
